-------------------------------------------------------------------------------
Test set: runner.TestRunner
-------------------------------------------------------------------------------
Tests run: 28, Failures: 0, Errors: 28, Skipped: 0, Time elapsed: 5.539 s <<< FAILURE! - in runner.TestRunner
Login With valid credentials #1(Login functionality)  Time elapsed: 0.247 s  <<< ERROR!
java.lang.UnsupportedClassVersionError: org/openqa/selenium/WebDriver has been compiled by a more recent version of the Java Runtime (class file version 55.0), this version of the Java Runtime only recognizes class file versions up to 52.0

Login With valid credentials #1(Login functionality)  Time elapsed: 0.249 s  <<< ERROR!
java.lang.UnsupportedClassVersionError: org/openqa/selenium/OutputType has been compiled by a more recent version of the Java Runtime (class file version 55.0), this version of the Java Runtime only recognizes class file versions up to 52.0

Login With valid credentials #2(Login functionality)  Time elapsed: 0.029 s  <<< ERROR!
java.lang.UnsupportedClassVersionError: org/openqa/selenium/WebDriver has been compiled by a more recent version of the Java Runtime (class file version 55.0), this version of the Java Runtime only recognizes class file versions up to 52.0

Login With valid credentials #2(Login functionality)  Time elapsed: 0.03 s  <<< ERROR!
java.lang.UnsupportedClassVersionError: org/openqa/selenium/OutputType has been compiled by a more recent version of the Java Runtime (class file version 55.0), this version of the Java Runtime only recognizes class file versions up to 52.0

Login With valid credentials #3(Login functionality)  Time elapsed: 0.031 s  <<< ERROR!
java.lang.UnsupportedClassVersionError: org/openqa/selenium/WebDriver has been compiled by a more recent version of the Java Runtime (class file version 55.0), this version of the Java Runtime only recognizes class file versions up to 52.0

Login With valid credentials #3(Login functionality)  Time elapsed: 0.031 s  <<< ERROR!
java.lang.UnsupportedClassVersionError: org/openqa/selenium/OutputType has been compiled by a more recent version of the Java Runtime (class file version 55.0), this version of the Java Runtime only recognizes class file versions up to 52.0

Login with invalid credentials(Login functionality)  Time elapsed: 0.028 s  <<< ERROR!
java.lang.UnsupportedClassVersionError: org/openqa/selenium/WebDriver has been compiled by a more recent version of the Java Runtime (class file version 55.0), this version of the Java Runtime only recognizes class file versions up to 52.0

Login with invalid credentials(Login functionality)  Time elapsed: 0.029 s  <<< ERROR!
java.lang.UnsupportedClassVersionError: org/openqa/selenium/OutputType has been compiled by a more recent version of the Java Runtime (class file version 55.0), this version of the Java Runtime only recognizes class file versions up to 52.0

Login with valid email and invalid passowrd(Login functionality)  Time elapsed: 0.029 s  <<< ERROR!
java.lang.UnsupportedClassVersionError: org/openqa/selenium/WebDriver has been compiled by a more recent version of the Java Runtime (class file version 55.0), this version of the Java Runtime only recognizes class file versions up to 52.0

Login with valid email and invalid passowrd(Login functionality)  Time elapsed: 0.029 s  <<< ERROR!
java.lang.UnsupportedClassVersionError: org/openqa/selenium/OutputType has been compiled by a more recent version of the Java Runtime (class file version 55.0), this version of the Java Runtime only recognizes class file versions up to 52.0

Login with invalid email and valid passowrd(Login functionality)  Time elapsed: 0.024 s  <<< ERROR!
java.lang.UnsupportedClassVersionError: org/openqa/selenium/WebDriver has been compiled by a more recent version of the Java Runtime (class file version 55.0), this version of the Java Runtime only recognizes class file versions up to 52.0

Login with invalid email and valid passowrd(Login functionality)  Time elapsed: 0.025 s  <<< ERROR!
java.lang.UnsupportedClassVersionError: org/openqa/selenium/OutputType has been compiled by a more recent version of the Java Runtime (class file version 55.0), this version of the Java Runtime only recognizes class file versions up to 52.0

Login without providing any credentials(Login functionality)  Time elapsed: 0.025 s  <<< ERROR!
java.lang.UnsupportedClassVersionError: org/openqa/selenium/WebDriver has been compiled by a more recent version of the Java Runtime (class file version 55.0), this version of the Java Runtime only recognizes class file versions up to 52.0

Login without providing any credentials(Login functionality)  Time elapsed: 0.025 s  <<< ERROR!
java.lang.UnsupportedClassVersionError: org/openqa/selenium/OutputType has been compiled by a more recent version of the Java Runtime (class file version 55.0), this version of the Java Runtime only recognizes class file versions up to 52.0

User creates an account only with mandatory fields(Registration functionality)  Time elapsed: 0.031 s  <<< ERROR!
java.lang.UnsupportedClassVersionError: org/openqa/selenium/WebDriver has been compiled by a more recent version of the Java Runtime (class file version 55.0), this version of the Java Runtime only recognizes class file versions up to 52.0

User creates an account only with mandatory fields(Registration functionality)  Time elapsed: 0.032 s  <<< ERROR!
java.lang.UnsupportedClassVersionError: org/openqa/selenium/OutputType has been compiled by a more recent version of the Java Runtime (class file version 55.0), this version of the Java Runtime only recognizes class file versions up to 52.0

User creates an account with all fields(Registration functionality)  Time elapsed: 0.021 s  <<< ERROR!
java.lang.UnsupportedClassVersionError: org/openqa/selenium/WebDriver has been compiled by a more recent version of the Java Runtime (class file version 55.0), this version of the Java Runtime only recognizes class file versions up to 52.0

User creates an account with all fields(Registration functionality)  Time elapsed: 0.021 s  <<< ERROR!
java.lang.UnsupportedClassVersionError: org/openqa/selenium/OutputType has been compiled by a more recent version of the Java Runtime (class file version 55.0), this version of the Java Runtime only recognizes class file versions up to 52.0

User creates an duplicate account(Registration functionality)  Time elapsed: 0.023 s  <<< ERROR!
java.lang.UnsupportedClassVersionError: org/openqa/selenium/WebDriver has been compiled by a more recent version of the Java Runtime (class file version 55.0), this version of the Java Runtime only recognizes class file versions up to 52.0

User creates an duplicate account(Registration functionality)  Time elapsed: 0.024 s  <<< ERROR!
java.lang.UnsupportedClassVersionError: org/openqa/selenium/OutputType has been compiled by a more recent version of the Java Runtime (class file version 55.0), this version of the Java Runtime only recognizes class file versions up to 52.0

User creates an account without filling any detail(Registration functionality)  Time elapsed: 0.034 s  <<< ERROR!
java.lang.UnsupportedClassVersionError: org/openqa/selenium/WebDriver has been compiled by a more recent version of the Java Runtime (class file version 55.0), this version of the Java Runtime only recognizes class file versions up to 52.0

User creates an account without filling any detail(Registration functionality)  Time elapsed: 0.035 s  <<< ERROR!
java.lang.UnsupportedClassVersionError: org/openqa/selenium/OutputType has been compiled by a more recent version of the Java Runtime (class file version 55.0), this version of the Java Runtime only recognizes class file versions up to 52.0

User searches for a valid product(Search functionality)  Time elapsed: 0.02 s  <<< ERROR!
java.lang.UnsupportedClassVersionError: org/openqa/selenium/WebDriver has been compiled by a more recent version of the Java Runtime (class file version 55.0), this version of the Java Runtime only recognizes class file versions up to 52.0

User searches for a valid product(Search functionality)  Time elapsed: 0.02 s  <<< ERROR!
java.lang.UnsupportedClassVersionError: org/openqa/selenium/OutputType has been compiled by a more recent version of the Java Runtime (class file version 55.0), this version of the Java Runtime only recognizes class file versions up to 52.0

User searches for an invalid product(Search functionality)  Time elapsed: 0.027 s  <<< ERROR!
java.lang.UnsupportedClassVersionError: org/openqa/selenium/WebDriver has been compiled by a more recent version of the Java Runtime (class file version 55.0), this version of the Java Runtime only recognizes class file versions up to 52.0

User searches for an invalid product(Search functionality)  Time elapsed: 0.027 s  <<< ERROR!
java.lang.UnsupportedClassVersionError: org/openqa/selenium/OutputType has been compiled by a more recent version of the Java Runtime (class file version 55.0), this version of the Java Runtime only recognizes class file versions up to 52.0

User Searches without any product(Search functionality)  Time elapsed: 0.024 s  <<< ERROR!
java.lang.UnsupportedClassVersionError: org/openqa/selenium/WebDriver has been compiled by a more recent version of the Java Runtime (class file version 55.0), this version of the Java Runtime only recognizes class file versions up to 52.0

User Searches without any product(Search functionality)  Time elapsed: 0.024 s  <<< ERROR!
java.lang.UnsupportedClassVersionError: org/openqa/selenium/OutputType has been compiled by a more recent version of the Java Runtime (class file version 55.0), this version of the Java Runtime only recognizes class file versions up to 52.0

